[2021-12-28 11:46:32] production.INFO: mAE88f3a4fvY5gyYV1grxdeQxDGYCOH8Okn3pS5c  
[2021-12-28 11:46:32] production.INFO: 88uuiioo99888  
[2021-12-28 11:46:37] production.INFO: aC0VCwkINTRChqEcdmWhmiVbmWZlgzDJKDV8GmUz  
[2021-12-28 11:46:37] production.INFO: 88uuiioo99888  
[2021-12-28 11:46:55] production.INFO: RCwRXQ0oOE3VmwT8SXSXD41YGzB0wRwCo4KVytKv  
[2021-12-28 11:46:55] production.INFO: 88uuiioo99888  
[2021-12-28 11:46:55] production.INFO: lyVMSJwunVU6gdq3HMUTkvEYS3KllGa5RRoPF3CW  
[2021-12-28 11:46:55] production.INFO: 88uuiioo99888  
[2021-12-28 11:47:22] production.INFO: J0eneCoq9aB34L5c8BE1gKoG44frhntRKHtBehB0  
[2021-12-28 11:47:22] production.INFO: 88uuiioo99888  
[2021-12-28 11:47:23] production.INFO: rhSHR66KdKdtxHC89TYUTZwRbOUsRUM6nrO1lKpk  
[2021-12-28 11:47:23] production.INFO: 88uuiioo99888  
[2021-12-28 11:47:23] production.INFO: 2aqsMxPMWAjSKlK6GMUjVRVseShqNAhzkZNf8twl  
[2021-12-28 11:47:23] production.INFO: 88uuiioo99888  
[2021-12-28 11:47:23] production.INFO: ctFI13Lkbyube2HMwiV3H6P2bthr0bFqO8AYRKOE  
[2021-12-28 11:47:23] production.INFO: 88uuiioo99888  
[2021-12-28 11:47:23] production.INFO: dUOs4VbFsQzVk6SwGNnlcIFpMK5krBk8Z9zrMmaR  
[2021-12-28 11:47:23] production.INFO: 88uuiioo99888  
[2021-12-28 11:47:23] production.INFO: cSzaEZVy5lpvhxdrFy8pb5F8i5FqaUFYl7XO7vOd  
[2021-12-28 11:47:23] production.INFO: 88uuiioo99888  
[2021-12-28 11:47:23] production.INFO: rwGQ3GFNbnbm00sDg8xkA7NYRN86tQBblnt1WgMc  
[2021-12-28 11:47:23] production.INFO: 88uuiioo99888  
[2021-12-28 11:47:24] production.INFO: YgQiUw6c5mxcUCuwBlAxqG8uCWFutte6vfGFbIGh  
[2021-12-28 11:47:24] production.INFO: 88uuiioo99888  
[2021-12-28 11:47:24] production.INFO: LhazGEvYiHSGehcS2nxoTFMw25Is2k7TPEyEUN0B  
[2021-12-28 11:47:24] production.INFO: 88uuiioo99888  
[2021-12-28 11:47:24] production.INFO: iNFvViKI2lOCR7NCry2dQp9bFNd4ytTNMwqcoaPq  
[2021-12-28 11:47:24] production.INFO: 88uuiioo99888  
[2021-12-28 11:47:24] production.INFO: BI7E5GXM61n3ybyDQDpHtIwN6jnIXpxzpVPFGcMv  
[2021-12-28 11:47:24] production.INFO: 88uuiioo99888  
[2021-12-28 11:47:24] production.INFO: gIQxEqrNXbOqAP2C7iInUhYwTTCSNY8VMtk8QABk  
[2021-12-28 11:47:24] production.INFO: 88uuiioo99888  
[2021-12-28 11:47:28] production.INFO: a6TfzYNXXIeSmoDO9KRd6iUp8qOcne2XyjbOjHJt  
[2021-12-28 11:47:28] production.INFO: 88uuiioo99888  
[2021-12-28 12:50:18] production.ERROR: validation.required {"exception":"[object] (Darryldecode\\Cart\\Exceptions\\InvalidItemException(code: 0): validation.required at /var/www/html/Amp/vendor/darryldecode/cart/src/Darryldecode/Cart/Cart.php:709)
[stacktrace]
#0 /var/www/html/Amp/vendor/darryldecode/cart/src/Darryldecode/Cart/Cart.php(205): Darryldecode\\Cart\\Cart->validate()
#1 /var/www/html/Amp/vendor/darryldecode/cart/src/Darryldecode/Cart/Cart.php(184): Darryldecode\\Cart\\Cart->add()
#2 /var/www/html/Amp/Modules/Cart/Cart.php(92): Darryldecode\\Cart\\Cart->add()
#3 /var/www/html/Amp/vendor/laravel/framework/src/Illuminate/Support/Facades/Facade.php(261): Modules\\Cart\\Cart->store()
#4 /var/www/html/Amp/Modules/Cart/Http/Controllers/CartItemController.php(40): Illuminate\\Support\\Facades\\Facade::__callStatic()
#5 /var/www/html/Amp/vendor/laravel/framework/src/Illuminate/Routing/Controller.php(54): Modules\\Cart\\Http\\Controllers\\CartItemController->store()
#6 /var/www/html/Amp/vendor/laravel/framework/src/Illuminate/Routing/ControllerDispatcher.php(45): Illuminate\\Routing\\Controller->callAction()
#7 /var/www/html/Amp/vendor/laravel/framework/src/Illuminate/Routing/Route.php(262): Illuminate\\Routing\\ControllerDispatcher->dispatch()
#8 /var/www/html/Amp/vendor/laravel/framework/src/Illuminate/Routing/Route.php(205): Illuminate\\Routing\\Route->runController()
#9 /var/www/html/Amp/vendor/laravel/framework/src/Illuminate/Routing/Router.php(695): Illuminate\\Routing\\Route->run()
#10 /var/www/html/Amp/vendor/laravel/framework/src/Illuminate/Pipeline/Pipeline.php(128): Illuminate\\Routing\\Router->Illuminate\\Routing\\{closure}()
#11 /var/www/html/Amp/Modules/Cart/Http/Middleware/CheckProductIsInStock.php(43): Illuminate\\Pipeline\\Pipeline->Illuminate\\Pipeline\\{closure}()
#12 /var/www/html/Amp/vendor/laravel/framework/src/Illuminate/Pipeline/Pipeline.php(167): Modules\\Cart\\Http\\Middleware\\CheckProductIsInStock->handle()
#13 /var/www/html/Amp/vendor/laravel/framework/src/Illuminate/Routing/Middleware/SubstituteBindings.php(50): Illuminate\\Pipeline\\Pipeline->Illuminate\\Pipeline\\{closure}()
#14 /var/www/html/Amp/vendor/laravel/framework/src/Illuminate/Pipeline/Pipeline.php(167): Illuminate\\Routing\\Middleware\\SubstituteBindings->handle()
#15 /var/www/html/Amp/vendor/laravel/framework/src/Illuminate/Foundation/Http/Middleware/VerifyCsrfToken.php(78): Illuminate\\Pipeline\\Pipeline->Illuminate\\Pipeline\\{closure}()
#16 /var/www/html/Amp/vendor/laravel/framework/src/Illuminate/Pipeline/Pipeline.php(167): Illuminate\\Foundation\\Http\\Middleware\\VerifyCsrfToken->handle()
#17 /var/www/html/Amp/vendor/laravel/framework/src/Illuminate/View/Middleware/ShareErrorsFromSession.php(49): Illuminate\\Pipeline\\Pipeline->Illuminate\\Pipeline\\{closure}()
#18 /var/www/html/Amp/vendor/laravel/framework/src/Illuminate/Pipeline/Pipeline.php(167): Illuminate\\View\\Middleware\\ShareErrorsFromSession->handle()
#19 /var/www/html/Amp/vendor/laravel/framework/src/Illuminate/Cookie/Middleware/AddQueuedCookiesToResponse.php(37): Illuminate\\Pipeline\\Pipeline->Illuminate\\Pipeline\\{closure}()
#20 /var/www/html/Amp/vendor/laravel/framework/src/Illuminate/Pipeline/Pipeline.php(167): Illuminate\\Cookie\\Middleware\\AddQueuedCookiesToResponse->handle()
#21 /var/www/html/Amp/vendor/mcamara/laravel-localization/src/Mcamara/LaravelLocalization/Middleware/LaravelLocalizationRedirectFilter.php(22): Illuminate\\Pipeline\\Pipeline->Illuminate\\Pipeline\\{closure}()
#22 /var/www/html/Amp/vendor/laravel/framework/src/Illuminate/Pipeline/Pipeline.php(167): Mcamara\\LaravelLocalization\\Middleware\\LaravelLocalizationRedirectFilter->handle()
#23 /var/www/html/Amp/vendor/mcamara/laravel-localization/src/Mcamara/LaravelLocalization/Middleware/LocaleSessionRedirect.php(23): Illuminate\\Pipeline\\Pipeline->Illuminate\\Pipeline\\{closure}()
#24 /var/www/html/Amp/vendor/laravel/framework/src/Illuminate/Pipeline/Pipeline.php(167): Mcamara\\LaravelLocalization\\Middleware\\LocaleSessionRedirect->handle()
#25 /var/www/html/Amp/vendor/mcamara/laravel-localization/src/Mcamara/LaravelLocalization/Middleware/LaravelLocalizationRoutes.php(21): Illuminate\\Pipeline\\Pipeline->Illuminate\\Pipeline\\{closure}()
#26 /var/www/html/Amp/vendor/laravel/framework/src/Illuminate/Pipeline/Pipeline.php(167): Mcamara\\LaravelLocalization\\Middleware\\LaravelLocalizationRoutes->handle()
#27 /var/www/html/Amp/vendor/laravel/framework/src/Illuminate/Pipeline/Pipeline.php(103): Illuminate\\Pipeline\\Pipeline->Illuminate\\Pipeline\\{closure}()
#28 /var/www/html/Amp/vendor/laravel/framework/src/Illuminate/Routing/Router.php(697): Illuminate\\Pipeline\\Pipeline->then()
#29 /var/www/html/Amp/vendor/laravel/framework/src/Illuminate/Routing/Router.php(672): Illuminate\\Routing\\Router->runRouteWithinStack()
#30 /var/www/html/Amp/vendor/laravel/framework/src/Illuminate/Routing/Router.php(636): Illuminate\\Routing\\Router->runRoute()
#31 /var/www/html/Amp/vendor/laravel/framework/src/Illuminate/Routing/Router.php(625): Illuminate\\Routing\\Router->dispatchToRoute()
#32 /var/www/html/Amp/vendor/laravel/framework/src/Illuminate/Foundation/Http/Kernel.php(167): Illuminate\\Routing\\Router->dispatch()
#33 /var/www/html/Amp/vendor/laravel/framework/src/Illuminate/Pipeline/Pipeline.php(128): Illuminate\\Foundation\\Http\\Kernel->Illuminate\\Foundation\\Http\\{closure}()
#34 /var/www/html/Amp/vendor/beyondcode/laravel-query-detector/src/QueryDetectorMiddleware.php(27): Illuminate\\Pipeline\\Pipeline->Illuminate\\Pipeline\\{closure}()
#35 /var/www/html/Amp/vendor/laravel/framework/src/Illuminate/Pipeline/Pipeline.php(167): BeyondCode\\QueryDetector\\QueryDetectorMiddleware->handle()
#36 /var/www/html/Amp/vendor/barryvdh/laravel-debugbar/src/Middleware/InjectDebugbar.php(60): Illuminate\\Pipeline\\Pipeline->Illuminate\\Pipeline\\{closure}()
#37 /var/www/html/Amp/vendor/laravel/framework/src/Illuminate/Pipeline/Pipeline.php(167): Barryvdh\\Debugbar\\Middleware\\InjectDebugbar->handle()
#38 /var/www/html/Amp/app/Http/Middleware/RunUpdater.php(23): Illuminate\\Pipeline\\Pipeline->Illuminate\\Pipeline\\{closure}()
#39 /var/www/html/Amp/vendor/laravel/framework/src/Illuminate/Pipeline/Pipeline.php(167): FleetCart\\Http\\Middleware\\RunUpdater->handle()
#40 /var/www/html/Amp/app/Http/Middleware/RedirectToInstallerIfNotInstalled.php(22): Illuminate\\Pipeline\\Pipeline->Illuminate\\Pipeline\\{closure}()
#41 /var/www/html/Amp/vendor/laravel/framework/src/Illuminate/Pipeline/Pipeline.php(167): FleetCart\\Http\\Middleware\\RedirectToInstallerIfNotInstalled->handle()
#42 /var/www/html/Amp/vendor/fideloper/proxy/src/TrustProxies.php(57): Illuminate\\Pipeline\\Pipeline->Illuminate\\Pipeline\\{closure}()
#43 /var/www/html/Amp/vendor/laravel/framework/src/Illuminate/Pipeline/Pipeline.php(167): Fideloper\\Proxy\\TrustProxies->handle()
#44 /var/www/html/Amp/vendor/laravel/framework/src/Illuminate/Foundation/Http/Middleware/TransformsRequest.php(21): Illuminate\\Pipeline\\Pipeline->Illuminate\\Pipeline\\{closure}()
#45 /var/www/html/Amp/vendor/laravel/framework/src/Illuminate/Foundation/Http/Middleware/ConvertEmptyStringsToNull.php(31): Illuminate\\Foundation\\Http\\Middleware\\TransformsRequest->handle()
#46 /var/www/html/Amp/vendor/laravel/framework/src/Illuminate/Pipeline/Pipeline.php(167): Illuminate\\Foundation\\Http\\Middleware\\ConvertEmptyStringsToNull->handle()
#47 /var/www/html/Amp/vendor/laravel/framework/src/Illuminate/Foundation/Http/Middleware/TransformsRequest.php(21): Illuminate\\Pipeline\\Pipeline->Illuminate\\Pipeline\\{closure}()
#48 /var/www/html/Amp/vendor/laravel/framework/src/Illuminate/Pipeline/Pipeline.php(167): Illuminate\\Foundation\\Http\\Middleware\\TransformsRequest->handle()
#49 /var/www/html/Amp/vendor/laravel/framework/src/Illuminate/Foundation/Http/Middleware/TransformsRequest.php(21): Illuminate\\Pipeline\\Pipeline->Illuminate\\Pipeline\\{closure}()
#50 /var/www/html/Amp/vendor/laravel/framework/src/Illuminate/Foundation/Http/Middleware/TrimStrings.php(40): Illuminate\\Foundation\\Http\\Middleware\\TransformsRequest->handle()
#51 /var/www/html/Amp/vendor/laravel/framework/src/Illuminate/Pipeline/Pipeline.php(167): Illuminate\\Foundation\\Http\\Middleware\\TrimStrings->handle()
#52 /var/www/html/Amp/vendor/laravel/framework/src/Illuminate/Foundation/Http/Middleware/ValidatePostSize.php(27): Illuminate\\Pipeline\\Pipeline->Illuminate\\Pipeline\\{closure}()
#53 /var/www/html/Amp/vendor/laravel/framework/src/Illuminate/Pipeline/Pipeline.php(167): Illuminate\\Foundation\\Http\\Middleware\\ValidatePostSize->handle()
#54 /var/www/html/Amp/vendor/laravel/framework/src/Illuminate/Foundation/Http/Middleware/PreventRequestsDuringMaintenance.php(86): Illuminate\\Pipeline\\Pipeline->Illuminate\\Pipeline\\{closure}()
#55 /var/www/html/Amp/app/Http/Middleware/CheckForMaintenanceMode.php(39): Illuminate\\Foundation\\Http\\Middleware\\PreventRequestsDuringMaintenance->handle()
#56 /var/www/html/Amp/vendor/laravel/framework/src/Illuminate/Pipeline/Pipeline.php(167): FleetCart\\Http\\Middleware\\CheckForMaintenanceMode->handle()
#57 /var/www/html/Amp/vendor/laravel/framework/src/Illuminate/Session/Middleware/StartSession.php(121): Illuminate\\Pipeline\\Pipeline->Illuminate\\Pipeline\\{closure}()
#58 /var/www/html/Amp/vendor/laravel/framework/src/Illuminate/Session/Middleware/StartSession.php(64): Illuminate\\Session\\Middleware\\StartSession->handleStatefulRequest()
#59 /var/www/html/Amp/vendor/laravel/framework/src/Illuminate/Pipeline/Pipeline.php(167): Illuminate\\Session\\Middleware\\StartSession->handle()
#60 /var/www/html/Amp/vendor/laravel/framework/src/Illuminate/Cookie/Middleware/EncryptCookies.php(67): Illuminate\\Pipeline\\Pipeline->Illuminate\\Pipeline\\{closure}()
#61 /var/www/html/Amp/vendor/laravel/framework/src/Illuminate/Pipeline/Pipeline.php(167): Illuminate\\Cookie\\Middleware\\EncryptCookies->handle()
#62 /var/www/html/Amp/vendor/laravel/framework/src/Illuminate/Pipeline/Pipeline.php(103): Illuminate\\Pipeline\\Pipeline->Illuminate\\Pipeline\\{closure}()
#63 /var/www/html/Amp/vendor/laravel/framework/src/Illuminate/Foundation/Http/Kernel.php(142): Illuminate\\Pipeline\\Pipeline->then()
#64 /var/www/html/Amp/vendor/laravel/framework/src/Illuminate/Foundation/Http/Kernel.php(111): Illuminate\\Foundation\\Http\\Kernel->sendRequestThroughRouter()
#65 /var/www/html/Amp/public/index.php(70): Illuminate\\Foundation\\Http\\Kernel->handle()
#66 /var/www/html/Amp/server.php(21): require_once('/var/www/html/A...')
#67 {main}
"} 
[2021-12-28 13:03:31] production.ERROR: You can not purchase this as this is only one time purchasable product {"userId":1,"exception":"[object] (Darryldecode\\Cart\\Exceptions\\UnknownModelException(code: 0): You can not purchase this as this is only one time purchasable product at /var/www/html/Amp/Modules/Cart/Cart.php:74)
[stacktrace]
#0 /var/www/html/Amp/vendor/laravel/framework/src/Illuminate/Support/Facades/Facade.php(261): Modules\\Cart\\Cart->store()
#1 /var/www/html/Amp/Modules/Cart/Http/Controllers/CartItemController.php(40): Illuminate\\Support\\Facades\\Facade::__callStatic()
#2 /var/www/html/Amp/vendor/laravel/framework/src/Illuminate/Routing/Controller.php(54): Modules\\Cart\\Http\\Controllers\\CartItemController->store()
#3 /var/www/html/Amp/vendor/laravel/framework/src/Illuminate/Routing/ControllerDispatcher.php(45): Illuminate\\Routing\\Controller->callAction()
#4 /var/www/html/Amp/vendor/laravel/framework/src/Illuminate/Routing/Route.php(262): Illuminate\\Routing\\ControllerDispatcher->dispatch()
#5 /var/www/html/Amp/vendor/laravel/framework/src/Illuminate/Routing/Route.php(205): Illuminate\\Routing\\Route->runController()
#6 /var/www/html/Amp/vendor/laravel/framework/src/Illuminate/Routing/Router.php(695): Illuminate\\Routing\\Route->run()
#7 /var/www/html/Amp/vendor/laravel/framework/src/Illuminate/Pipeline/Pipeline.php(128): Illuminate\\Routing\\Router->Illuminate\\Routing\\{closure}()
#8 /var/www/html/Amp/Modules/Cart/Http/Middleware/CheckProductIsInStock.php(43): Illuminate\\Pipeline\\Pipeline->Illuminate\\Pipeline\\{closure}()
#9 /var/www/html/Amp/vendor/laravel/framework/src/Illuminate/Pipeline/Pipeline.php(167): Modules\\Cart\\Http\\Middleware\\CheckProductIsInStock->handle()
#10 /var/www/html/Amp/vendor/laravel/framework/src/Illuminate/Routing/Middleware/SubstituteBindings.php(50): Illuminate\\Pipeline\\Pipeline->Illuminate\\Pipeline\\{closure}()
#11 /var/www/html/Amp/vendor/laravel/framework/src/Illuminate/Pipeline/Pipeline.php(167): Illuminate\\Routing\\Middleware\\SubstituteBindings->handle()
#12 /var/www/html/Amp/vendor/laravel/framework/src/Illuminate/Foundation/Http/Middleware/VerifyCsrfToken.php(78): Illuminate\\Pipeline\\Pipeline->Illuminate\\Pipeline\\{closure}()
#13 /var/www/html/Amp/vendor/laravel/framework/src/Illuminate/Pipeline/Pipeline.php(167): Illuminate\\Foundation\\Http\\Middleware\\VerifyCsrfToken->handle()
#14 /var/www/html/Amp/vendor/laravel/framework/src/Illuminate/View/Middleware/ShareErrorsFromSession.php(49): Illuminate\\Pipeline\\Pipeline->Illuminate\\Pipeline\\{closure}()
#15 /var/www/html/Amp/vendor/laravel/framework/src/Illuminate/Pipeline/Pipeline.php(167): Illuminate\\View\\Middleware\\ShareErrorsFromSession->handle()
#16 /var/www/html/Amp/vendor/laravel/framework/src/Illuminate/Cookie/Middleware/AddQueuedCookiesToResponse.php(37): Illuminate\\Pipeline\\Pipeline->Illuminate\\Pipeline\\{closure}()
#17 /var/www/html/Amp/vendor/laravel/framework/src/Illuminate/Pipeline/Pipeline.php(167): Illuminate\\Cookie\\Middleware\\AddQueuedCookiesToResponse->handle()
#18 /var/www/html/Amp/vendor/mcamara/laravel-localization/src/Mcamara/LaravelLocalization/Middleware/LaravelLocalizationRedirectFilter.php(22): Illuminate\\Pipeline\\Pipeline->Illuminate\\Pipeline\\{closure}()
#19 /var/www/html/Amp/vendor/laravel/framework/src/Illuminate/Pipeline/Pipeline.php(167): Mcamara\\LaravelLocalization\\Middleware\\LaravelLocalizationRedirectFilter->handle()
#20 /var/www/html/Amp/vendor/mcamara/laravel-localization/src/Mcamara/LaravelLocalization/Middleware/LocaleSessionRedirect.php(23): Illuminate\\Pipeline\\Pipeline->Illuminate\\Pipeline\\{closure}()
#21 /var/www/html/Amp/vendor/laravel/framework/src/Illuminate/Pipeline/Pipeline.php(167): Mcamara\\LaravelLocalization\\Middleware\\LocaleSessionRedirect->handle()
#22 /var/www/html/Amp/vendor/mcamara/laravel-localization/src/Mcamara/LaravelLocalization/Middleware/LaravelLocalizationRoutes.php(21): Illuminate\\Pipeline\\Pipeline->Illuminate\\Pipeline\\{closure}()
#23 /var/www/html/Amp/vendor/laravel/framework/src/Illuminate/Pipeline/Pipeline.php(167): Mcamara\\LaravelLocalization\\Middleware\\LaravelLocalizationRoutes->handle()
#24 /var/www/html/Amp/vendor/laravel/framework/src/Illuminate/Pipeline/Pipeline.php(103): Illuminate\\Pipeline\\Pipeline->Illuminate\\Pipeline\\{closure}()
#25 /var/www/html/Amp/vendor/laravel/framework/src/Illuminate/Routing/Router.php(697): Illuminate\\Pipeline\\Pipeline->then()
#26 /var/www/html/Amp/vendor/laravel/framework/src/Illuminate/Routing/Router.php(672): Illuminate\\Routing\\Router->runRouteWithinStack()
#27 /var/www/html/Amp/vendor/laravel/framework/src/Illuminate/Routing/Router.php(636): Illuminate\\Routing\\Router->runRoute()
#28 /var/www/html/Amp/vendor/laravel/framework/src/Illuminate/Routing/Router.php(625): Illuminate\\Routing\\Router->dispatchToRoute()
#29 /var/www/html/Amp/vendor/laravel/framework/src/Illuminate/Foundation/Http/Kernel.php(167): Illuminate\\Routing\\Router->dispatch()
#30 /var/www/html/Amp/vendor/laravel/framework/src/Illuminate/Pipeline/Pipeline.php(128): Illuminate\\Foundation\\Http\\Kernel->Illuminate\\Foundation\\Http\\{closure}()
#31 /var/www/html/Amp/vendor/beyondcode/laravel-query-detector/src/QueryDetectorMiddleware.php(27): Illuminate\\Pipeline\\Pipeline->Illuminate\\Pipeline\\{closure}()
#32 /var/www/html/Amp/vendor/laravel/framework/src/Illuminate/Pipeline/Pipeline.php(167): BeyondCode\\QueryDetector\\QueryDetectorMiddleware->handle()
#33 /var/www/html/Amp/vendor/barryvdh/laravel-debugbar/src/Middleware/InjectDebugbar.php(60): Illuminate\\Pipeline\\Pipeline->Illuminate\\Pipeline\\{closure}()
#34 /var/www/html/Amp/vendor/laravel/framework/src/Illuminate/Pipeline/Pipeline.php(167): Barryvdh\\Debugbar\\Middleware\\InjectDebugbar->handle()
#35 /var/www/html/Amp/app/Http/Middleware/RunUpdater.php(23): Illuminate\\Pipeline\\Pipeline->Illuminate\\Pipeline\\{closure}()
#36 /var/www/html/Amp/vendor/laravel/framework/src/Illuminate/Pipeline/Pipeline.php(167): FleetCart\\Http\\Middleware\\RunUpdater->handle()
#37 /var/www/html/Amp/app/Http/Middleware/RedirectToInstallerIfNotInstalled.php(22): Illuminate\\Pipeline\\Pipeline->Illuminate\\Pipeline\\{closure}()
#38 /var/www/html/Amp/vendor/laravel/framework/src/Illuminate/Pipeline/Pipeline.php(167): FleetCart\\Http\\Middleware\\RedirectToInstallerIfNotInstalled->handle()
#39 /var/www/html/Amp/vendor/fideloper/proxy/src/TrustProxies.php(57): Illuminate\\Pipeline\\Pipeline->Illuminate\\Pipeline\\{closure}()
#40 /var/www/html/Amp/vendor/laravel/framework/src/Illuminate/Pipeline/Pipeline.php(167): Fideloper\\Proxy\\TrustProxies->handle()
#41 /var/www/html/Amp/vendor/laravel/framework/src/Illuminate/Foundation/Http/Middleware/TransformsRequest.php(21): Illuminate\\Pipeline\\Pipeline->Illuminate\\Pipeline\\{closure}()
#42 /var/www/html/Amp/vendor/laravel/framework/src/Illuminate/Foundation/Http/Middleware/ConvertEmptyStringsToNull.php(31): Illuminate\\Foundation\\Http\\Middleware\\TransformsRequest->handle()
#43 /var/www/html/Amp/vendor/laravel/framework/src/Illuminate/Pipeline/Pipeline.php(167): Illuminate\\Foundation\\Http\\Middleware\\ConvertEmptyStringsToNull->handle()
#44 /var/www/html/Amp/vendor/laravel/framework/src/Illuminate/Foundation/Http/Middleware/TransformsRequest.php(21): Illuminate\\Pipeline\\Pipeline->Illuminate\\Pipeline\\{closure}()
#45 /var/www/html/Amp/vendor/laravel/framework/src/Illuminate/Pipeline/Pipeline.php(167): Illuminate\\Foundation\\Http\\Middleware\\TransformsRequest->handle()
#46 /var/www/html/Amp/vendor/laravel/framework/src/Illuminate/Foundation/Http/Middleware/TransformsRequest.php(21): Illuminate\\Pipeline\\Pipeline->Illuminate\\Pipeline\\{closure}()
#47 /var/www/html/Amp/vendor/laravel/framework/src/Illuminate/Foundation/Http/Middleware/TrimStrings.php(40): Illuminate\\Foundation\\Http\\Middleware\\TransformsRequest->handle()
#48 /var/www/html/Amp/vendor/laravel/framework/src/Illuminate/Pipeline/Pipeline.php(167): Illuminate\\Foundation\\Http\\Middleware\\TrimStrings->handle()
#49 /var/www/html/Amp/vendor/laravel/framework/src/Illuminate/Foundation/Http/Middleware/ValidatePostSize.php(27): Illuminate\\Pipeline\\Pipeline->Illuminate\\Pipeline\\{closure}()
#50 /var/www/html/Amp/vendor/laravel/framework/src/Illuminate/Pipeline/Pipeline.php(167): Illuminate\\Foundation\\Http\\Middleware\\ValidatePostSize->handle()
#51 /var/www/html/Amp/vendor/laravel/framework/src/Illuminate/Foundation/Http/Middleware/PreventRequestsDuringMaintenance.php(86): Illuminate\\Pipeline\\Pipeline->Illuminate\\Pipeline\\{closure}()
#52 /var/www/html/Amp/app/Http/Middleware/CheckForMaintenanceMode.php(39): Illuminate\\Foundation\\Http\\Middleware\\PreventRequestsDuringMaintenance->handle()
#53 /var/www/html/Amp/vendor/laravel/framework/src/Illuminate/Pipeline/Pipeline.php(167): FleetCart\\Http\\Middleware\\CheckForMaintenanceMode->handle()
#54 /var/www/html/Amp/vendor/laravel/framework/src/Illuminate/Session/Middleware/StartSession.php(121): Illuminate\\Pipeline\\Pipeline->Illuminate\\Pipeline\\{closure}()
#55 /var/www/html/Amp/vendor/laravel/framework/src/Illuminate/Session/Middleware/StartSession.php(64): Illuminate\\Session\\Middleware\\StartSession->handleStatefulRequest()
#56 /var/www/html/Amp/vendor/laravel/framework/src/Illuminate/Pipeline/Pipeline.php(167): Illuminate\\Session\\Middleware\\StartSession->handle()
#57 /var/www/html/Amp/vendor/laravel/framework/src/Illuminate/Cookie/Middleware/EncryptCookies.php(67): Illuminate\\Pipeline\\Pipeline->Illuminate\\Pipeline\\{closure}()
#58 /var/www/html/Amp/vendor/laravel/framework/src/Illuminate/Pipeline/Pipeline.php(167): Illuminate\\Cookie\\Middleware\\EncryptCookies->handle()
#59 /var/www/html/Amp/vendor/laravel/framework/src/Illuminate/Pipeline/Pipeline.php(103): Illuminate\\Pipeline\\Pipeline->Illuminate\\Pipeline\\{closure}()
#60 /var/www/html/Amp/vendor/laravel/framework/src/Illuminate/Foundation/Http/Kernel.php(142): Illuminate\\Pipeline\\Pipeline->then()
#61 /var/www/html/Amp/vendor/laravel/framework/src/Illuminate/Foundation/Http/Kernel.php(111): Illuminate\\Foundation\\Http\\Kernel->sendRequestThroughRouter()
#62 /var/www/html/Amp/public/index.php(70): Illuminate\\Foundation\\Http\\Kernel->handle()
#63 /var/www/html/Amp/server.php(21): require_once('/var/www/html/A...')
#64 {main}
"} 
